  FileName.cpp
C:\Program Files\Microsoft Visual Studio\2022\Community\VC\Tools\MSVC\14.41.34120\include\filesystem(12): warning STL4038: The contents of <filesystem> are available only with C++17 or later.
C:\Users\vboxuser\source\repos\FileSystem\FileSystem\FileName.cpp(32,2): warning C4984: 'if constexpr' is a C++17 language extension
C:\Users\vboxuser\source\repos\FileSystem\FileSystem\FileName.cpp(179,3): warning C4984: 'if constexpr' is a C++17 language extension
      C:\Users\vboxuser\source\repos\FileSystem\FileSystem\FileName.cpp(179,3):
      the template instantiation context (the oldest one first) is
          C:\Users\vboxuser\source\repos\FileSystem\FileSystem\FileName.cpp(172,7):
          while compiling class template 'HashTable'
  
C:\Users\vboxuser\source\repos\FileSystem\FileSystem\FileName.cpp(183,8): warning C4984: 'if constexpr' is a C++17 language extension
C:\Users\vboxuser\source\repos\FileSystem\FileSystem\FileName.cpp(380,6): error C2182: 'updateInMemoryOffsets': this use of 'void' is not valid
C:\Users\vboxuser\source\repos\FileSystem\FileSystem\FileName.cpp(380,28): error C2065: 'ResourceManager': undeclared identifier
C:\Users\vboxuser\source\repos\FileSystem\FileSystem\FileName.cpp(380,45): error C2065: 're': undeclared identifier
C:\Users\vboxuser\source\repos\FileSystem\FileSystem\FileName.cpp(380,57): error C2065: 'oldSize': undeclared identifier
C:\Users\vboxuser\source\repos\FileSystem\FileSystem\FileName.cpp(380,49): error C2275: 'size_t': expected an expression instead of a type
C:\Users\vboxuser\source\repos\FileSystem\FileSystem\FileName.cpp(380,76): error C2065: 'parent': undeclared identifier
C:\Users\vboxuser\source\repos\FileSystem\FileSystem\FileName.cpp(380,66): error C2275: 'Metadata': expected an expression instead of a type
C:\Users\vboxuser\source\repos\FileSystem\FileSystem\FileName.cpp(380,84): error C2275: 'uint64_t': expected an expression instead of a type
C:\Users\vboxuser\source\repos\FileSystem\FileSystem\FileName.cpp(380,93): error C2146: syntax error: missing ')' before identifier 'newSize'
C:\Users\vboxuser\source\repos\FileSystem\FileSystem\FileName.cpp(579,4): error C2064: term does not evaluate to a function taking 4 arguments
C:\Users\vboxuser\source\repos\FileSystem\FileSystem\FileName.cpp(874,6): error C2365: 'updateInMemoryOffsets': redefinition; previous definition was 'data variable'
      C:\Users\vboxuser\source\repos\FileSystem\FileSystem\FileName.cpp(380,6):
      see declaration of 'updateInMemoryOffsets'
  
C:\Users\vboxuser\source\repos\FileSystem\FileSystem\FileName.cpp(1021,11): warning C4244: 'initializing': conversion from '_Ty' to 'int', possible loss of data
C:\Users\vboxuser\source\repos\FileSystem\FileSystem\FileName.cpp(1021,11): warning C4244:         with
C:\Users\vboxuser\source\repos\FileSystem\FileSystem\FileName.cpp(1021,11): warning C4244:         [
C:\Users\vboxuser\source\repos\FileSystem\FileSystem\FileName.cpp(1021,11): warning C4244:             _Ty=uint64_t
C:\Users\vboxuser\source\repos\FileSystem\FileSystem\FileName.cpp(1021,11): warning C4244:         ]
C:\Users\vboxuser\source\repos\FileSystem\FileSystem\FileName.cpp(1636,2): error C2064: term does not evaluate to a function taking 4 arguments
C:\Users\vboxuser\source\repos\FileSystem\FileSystem\FileName.cpp(1698,23): warning C4018: '>': signed/unsigned mismatch
C:\Users\vboxuser\source\repos\FileSystem\FileSystem\FileName.cpp(1720,2): error C2064: term does not evaluate to a function taking 4 arguments
C:\Users\vboxuser\source\repos\FileSystem\FileSystem\FileName.cpp(1869,2): error C2064: term does not evaluate to a function taking 4 arguments
